[20:04:27] [Client thread/INFO]: Setting user: Player346
[20:04:30] [Client thread/INFO]: LWJGL Version: 2.9.1
[20:04:34] [Client thread/INFO]: Reloading ResourceManager: Default, FMLFileResourcePack:Forge Mod Loader, FMLFileResourcePack:Minecraft Forge, FMLFileResourcePack:examplemod, FMLFileResourcePack:Stamina
[20:04:35] [Sound Library Loader/INFO]: Starting up SoundSystem...
[20:04:35] [Thread-9/INFO]: Initializing LWJGL OpenAL
[20:04:35] [Thread-9/INFO]: (The LWJGL binding of OpenAL.  For more information, see http://www.lwjgl.org)
[20:04:35] [Thread-9/INFO]: OpenAL initialized.
[20:04:35] [Sound Library Loader/INFO]: Sound engine started
[20:04:41] [Client thread/INFO]: Created: 512x512 textures-atlas
[20:04:43] [Client thread/INFO]: Reloading ResourceManager: Default, FMLFileResourcePack:Forge Mod Loader, FMLFileResourcePack:Minecraft Forge, FMLFileResourcePack:examplemod, FMLFileResourcePack:Stamina
[20:04:43] [Client thread/INFO]: SoundSystem shutting down...
[20:04:43] [Client thread/WARN]: Author: Paul Lamb, www.paulscode.com
[20:04:43] [Sound Library Loader/INFO]: Starting up SoundSystem...
[20:04:43] [Thread-11/INFO]: Initializing LWJGL OpenAL
[20:04:43] [Thread-11/INFO]: (The LWJGL binding of OpenAL.  For more information, see http://www.lwjgl.org)
[20:04:43] [Thread-11/INFO]: OpenAL initialized.
[20:04:44] [Sound Library Loader/INFO]: Sound engine started
[20:04:49] [Client thread/INFO]: Created: 512x512 textures-atlas
[20:05:28] [Client thread/INFO]: Stopping!
[20:05:28] [Client thread/INFO]: SoundSystem shutting down...
[20:05:29] [Client thread/WARN]: Author: Paul Lamb, www.paulscode.com
